# JRE version: Java(TM) SE Runtime Environment (23.0.2+7) (build 23.0.2+7-58)
# Java VM: Java HotSpot(TM) 64-Bit Server VM (23.0.2+7-58, mixed mode, emulated-client, sharing, tiered, compressed oops, compressed class ptrs, g1 gc, windows-amd64)
GC Precious Log:
 CardTable entry size: 512
 Card Set container configuration: InlinePtr #cards 5 size 8 Array Of Cards #cards 10 size 36 Howl #buckets 4 coarsen threshold 1843 Howl Bitmap #cards 512 size 80 coarsen threshold 460 Card regions per heap region 1 cards per card region 2048
 CPUs: 16 total, 16 available
 Memory: 7883M
 Large Page Support: Disabled
 NUMA Support: Disabled
 Compressed Oops: Enabled (32-bit)
 Heap Region Size: 1M
 Heap Min Capacity: 8M
 Heap Initial Capacity: 124M
 Heap Max Capacity: 1972M
 Pre-touch: Disabled
 Parallel Workers: 13
 Concurrent Workers: 3
 Concurrent Refinement Workers: 13
 Periodic GC: Disabled
Heap:
 garbage-first heap   total reserved 2019328K, committed 70656K, used 36939K [0x0000000084c00000, 0x0000000100000000)
  region size 1024K, 10 young (10240K), 2 survivors (2048K)
 Metaspace       used 51465K, committed 52224K, reserved 1114112K
  class space    used 7649K, committed 7936K, reserved 1048576K
GC Heap History (20 events):
Event: 11081.510 GC heap after
{Heap after GC invocations=36 (full 0):
 garbage-first heap   total reserved 2019328K, committed 70656K, used 30537K [0x0000000084c00000, 0x0000000100000000)
  region size 1024K, 2 young (2048K), 2 survivors (2048K)
 Metaspace       used 51420K, committed 52160K, reserved 1114112K
  class space    used 7635K, committed 7936K, reserved 1048576K
}
Event: 11433.267 GC heap before
{Heap before GC invocations=37 (full 0):
 garbage-first heap   total reserved 2019328K, committed 70656K, used 63305K [0x0000000084c00000, 0x0000000100000000)
  region size 1024K, 35 young (35840K), 2 survivors (2048K)
 Metaspace       used 51437K, committed 52160K, reserved 1114112K
  class space    used 7639K, committed 7936K, reserved 1048576K
}
Event: 11433.344 GC heap after
{Heap after GC invocations=38 (full 0):
 garbage-first heap   total reserved 2019328K, committed 70656K, used 30388K [0x0000000084c00000, 0x0000000100000000)
  region size 1024K, 2 young (2048K), 2 survivors (2048K)
 Metaspace       used 51437K, committed 52160K, reserved 1114112K
  class space    used 7639K, committed 7936K, reserved 1048576K
}
Event: 13812.031 GC heap before
{Heap before GC invocations=38 (full 0):
 garbage-first heap   total reserved 2019328K, committed 70656K, used 64180K [0x0000000084c00000, 0x0000000100000000)
  region size 1024K, 35 young (35840K), 2 survivors (2048K)
 Metaspace       used 51440K, committed 52160K, reserved 1114112K
  class space    used 7640K, committed 7936K, reserved 1048576K
}
Event: 13812.142 GC heap after
{Heap after GC invocations=39 (full 0):
 garbage-first heap   total reserved 2019328K, committed 70656K, used 29743K [0x0000000084c00000, 0x0000000100000000)
  region size 1024K, 2 young (2048K), 2 survivors (2048K)
 Metaspace       used 51440K, committed 52160K, reserved 1114112K
  class space    used 7640K, committed 7936K, reserved 1048576K
}
Event: 13931.120 GC heap before
{Heap before GC invocations=39 (full 0):
 garbage-first heap   total reserved 2019328K, committed 70656K, used 33839K [0x0000000084c00000, 0x0000000100000000)
  region size 1024K, 7 young (7168K), 2 survivors (2048K)
 Metaspace       used 51451K, committed 52224K, reserved 1114112K
  class space    used 7644K, committed 7936K, reserved 1048576K
}
Event: 13931.171 GC heap after
{Heap after GC invocations=40 (full 0):
 garbage-first heap   total reserved 2019328K, committed 70656K, used 29837K [0x0000000084c00000, 0x0000000100000000)
  region size 1024K, 2 young (2048K), 2 survivors (2048K)
 Metaspace       used 51451K, committed 52224K, reserved 1114112K
  class space    used 7644K, committed 7936K, reserved 1048576K
}
Event: 14888.882 GC heap before
{Heap before GC invocations=41 (full 0):
 garbage-first heap   total reserved 2019328K, committed 70656K, used 62605K [0x0000000084c00000, 0x0000000100000000)
  region size 1024K, 35 young (35840K), 2 survivors (2048K)
 Metaspace       used 51435K, committed 52224K, reserved 1114112K
  class space    used 7639K, committed 7936K, reserved 1048576K
}
Event: 14889.021 GC heap after
{Heap after GC invocations=42 (full 0):
 garbage-first heap   total reserved 2019328K, committed 70656K, used 30141K [0x0000000084c00000, 0x0000000100000000)
  region size 1024K, 2 young (2048K), 2 survivors (2048K)
 Metaspace       used 51435K, committed 52224K, reserved 1114112K
  class space    used 7639K, committed 7936K, reserved 1048576K
}
Event: 15556.051 GC heap before
{Heap before GC invocations=42 (full 0):
 garbage-first heap   total reserved 2019328K, committed 70656K, used 62909K [0x0000000084c00000, 0x0000000100000000)
  region size 1024K, 35 young (35840K), 2 survivors (2048K)
 Metaspace       used 51444K, committed 52224K, reserved 1114112K
  class space    used 7642K, committed 7936K, reserved 1048576K
}
Event: 15556.134 GC heap after
{Heap after GC invocations=43 (full 0):
 garbage-first heap   total reserved 2019328K, committed 70656K, used 29849K [0x0000000084c00000, 0x0000000100000000)
  region size 1024K, 2 young (2048K), 2 survivors (2048K)
 Metaspace       used 51444K, committed 52224K, reserved 1114112K
  class space    used 7642K, committed 7936K, reserved 1048576K
}
Event: 16261.443 GC heap before
{Heap before GC invocations=43 (full 0):
 garbage-first heap   total reserved 2019328K, committed 70656K, used 62617K [0x0000000084c00000, 0x0000000100000000)
  region size 1024K, 35 young (35840K), 2 survivors (2048K)
 Metaspace       used 51446K, committed 52224K, reserved 1114112K
  class space    used 7642K, committed 7936K, reserved 1048576K
}
Event: 16261.556 GC heap after
{Heap after GC invocations=44 (full 0):
 garbage-first heap   total reserved 2019328K, committed 70656K, used 29890K [0x0000000084c00000, 0x0000000100000000)
  region size 1024K, 2 young (2048K), 2 survivors (2048K)
 Metaspace       used 51446K, committed 52224K, reserved 1114112K
  class space    used 7642K, committed 7936K, reserved 1048576K
}
Event: 17092.271 GC heap before
{Heap before GC invocations=45 (full 0):
 garbage-first heap   total reserved 2019328K, committed 70656K, used 61634K [0x0000000084c00000, 0x0000000100000000)
  region size 1024K, 34 young (34816K), 2 survivors (2048K)
 Metaspace       used 51345K, committed 52224K, reserved 1114112K
  class space    used 7615K, committed 7936K, reserved 1048576K
}
Event: 17092.398 GC heap after
{Heap after GC invocations=46 (full 0):
 garbage-first heap   total reserved 2019328K, committed 70656K, used 29969K [0x0000000084c00000, 0x0000000100000000)
  region size 1024K, 2 young (2048K), 2 survivors (2048K)
 Metaspace       used 51345K, committed 52224K, reserved 1114112K
  class space    used 7615K, committed 7936K, reserved 1048576K
}
Event: 17925.421 GC heap before
{Heap before GC invocations=46 (full 0):
 garbage-first heap   total reserved 2019328K, committed 70656K, used 62737K [0x0000000084c00000, 0x0000000100000000)
  region size 1024K, 34 young (34816K), 2 survivors (2048K)
 Metaspace       used 51357K, committed 52224K, reserved 1114112K
  class space    used 7618K, committed 7936K, reserved 1048576K
}
Event: 17925.528 GC heap after
{Heap after GC invocations=47 (full 0):
 garbage-first heap   total reserved 2019328K, committed 70656K, used 29707K [0x0000000084c00000, 0x0000000100000000)
  region size 1024K, 2 young (2048K), 2 survivors (2048K)
 Metaspace       used 51357K, committed 52224K, reserved 1114112K
  class space    used 7618K, committed 7936K, reserved 1048576K
}
Event: 18612.079 GC heap before
{Heap before GC invocations=47 (full 0):
 garbage-first heap   total reserved 2019328K, committed 70656K, used 63499K [0x0000000084c00000, 0x0000000100000000)
  region size 1024K, 35 young (35840K), 2 survivors (2048K)
 Metaspace       used 51357K, committed 52224K, reserved 1114112K
  class space    used 7618K, committed 7936K, reserved 1048576K
}
Event: 18612.258 GC heap after
{Heap after GC invocations=48 (full 0):
 garbage-first heap   total reserved 2019328K, committed 70656K, used 29771K [0x0000000084c00000, 0x0000000100000000)
  region size 1024K, 2 young (2048K), 2 survivors (2048K)
 Metaspace       used 51357K, committed 52224K, reserved 1114112K
  class space    used 7618K, committed 7936K, reserved 1048576K
}
Event: 18739.380 GC heap before
{Heap before GC invocations=49 (full 0):
 garbage-first heap   total reserved 2019328K, committed 70656K, used 36939K [0x0000000084c00000, 0x0000000100000000)
  region size 1024K, 10 young (10240K), 2 survivors (2048K)
 Metaspace       used 51465K, committed 52224K, reserved 1114112K
  class space    used 7649K, committed 7936K, reserved 1048576K
}

